{"level":"info","ts":1777622836.6866512,"logger":"provider.nebius.mysterybox","msg":"Registered Nebius MysteryBox provider","token cache size":4096,"clients cache size":128}
{"level":"info","ts":1777622836.6866674,"logger":"provider.vault","msg":"DEPRECATION WARNING: --experimental-vault-token-cache-size is deprecated. Please use --vault-token-cache-size instead. This flag will be removed in a future release."}
{"level":"info","ts":1777622836.6866713,"logger":"provider.vault","msg":"initializing vault cache","size":262144}
{"level":"info","ts":1777622836.6866767,"logger":"setup","msg":"starting manager"}
{"level":"info","ts":1777622836.6867926,"logger":"controller-runtime.metrics","msg":"Starting metrics server"}
{"level":"info","ts":1777622836.686857,"logger":"controller-runtime.metrics","msg":"Serving metrics server","bindAddress":":8080","secure":false}
{"level":"info","ts":1777622836.6868718,"msg":"starting server","name":"health probe","addr":"[::]:8082"}
{"level":"info","ts":1777622836.7872913,"msg":"Starting EventSource","controller":"secretstore","controllerGroup":"external-secrets.io","controllerKind":"SecretStore","source":"kind source: *v1alpha1.PushSecret"}
{"level":"info","ts":1777622836.7872975,"msg":"Starting EventSource","controller":"externalsecret","controllerGroup":"external-secrets.io","controllerKind":"ExternalSecret","source":"kind source: *v1.PartialObjectMetadata"}
{"level":"info","ts":1777622836.7873123,"msg":"Starting EventSource","controller":"secretstore","controllerGroup":"external-secrets.io","controllerKind":"SecretStore","source":"kind source: *v1.SecretStore"}
{"level":"info","ts":1777622836.7873213,"msg":"Starting EventSource","controller":"pushsecret","controllerGroup":"external-secrets.io","controllerKind":"PushSecret","source":"kind source: *v1alpha1.PushSecret"}
{"level":"info","ts":1777622836.7873225,"msg":"Starting EventSource","controller":"externalsecret","controllerGroup":"external-secrets.io","controllerKind":"ExternalSecret","source":"kind source: *v1.ExternalSecret"}
{"level":"info","ts":1777622836.787359,"msg":"Starting EventSource","controller":"clusterpushsecret","controllerGroup":"external-secrets.io","controllerKind":"ClusterPushSecret","source":"kind source: *v1alpha1.ClusterPushSecret"}
{"level":"info","ts":1777622836.7873762,"msg":"Starting EventSource","controller":"clusterpushsecret","controllerGroup":"external-secrets.io","controllerKind":"ClusterPushSecret","source":"kind source: *v1.Namespace"}
{"level":"info","ts":1777622836.7874033,"msg":"Starting EventSource","controller":"clusterpushsecret","controllerGroup":"external-secrets.io","controllerKind":"ClusterPushSecret","source":"kind source: *v1alpha1.PushSecret"}
{"level":"info","ts":1777622836.7874596,"msg":"Starting EventSource","controller":"generatorstate","controllerGroup":"generators.external-secrets.io","controllerKind":"GeneratorState","source":"kind source: *v1alpha1.GeneratorState"}
{"level":"info","ts":1777622836.7874663,"msg":"Starting EventSource","controller":"clusterexternalsecret","controllerGroup":"external-secrets.io","controllerKind":"ClusterExternalSecret","source":"kind source: *v1.Namespace"}
{"level":"info","ts":1777622836.7874908,"msg":"Starting EventSource","controller":"clusterexternalsecret","controllerGroup":"external-secrets.io","controllerKind":"ClusterExternalSecret","source":"kind source: *v1.ExternalSecret"}
{"level":"info","ts":1777622836.787499,"msg":"Starting EventSource","controller":"clusterexternalsecret","controllerGroup":"external-secrets.io","controllerKind":"ClusterExternalSecret","source":"kind source: *v1.ClusterExternalSecret"}
{"level":"info","ts":1777622836.7875018,"msg":"Starting EventSource","controller":"clustersecretstore","controllerGroup":"external-secrets.io","controllerKind":"ClusterSecretStore","source":"kind source: *v1alpha1.PushSecret"}
{"level":"info","ts":1777622836.7875168,"msg":"Starting EventSource","controller":"clustersecretstore","controllerGroup":"external-secrets.io","controllerKind":"ClusterSecretStore","source":"kind source: *v1.ClusterSecretStore"}
{"level":"info","ts":1777622836.8881621,"msg":"Starting Controller","controller":"generatorstate","controllerGroup":"generators.external-secrets.io","controllerKind":"GeneratorState"}
{"level":"info","ts":1777622836.8881772,"msg":"Starting workers","controller":"generatorstate","controllerGroup":"generators.external-secrets.io","controllerKind":"GeneratorState","worker count":1}
{"level":"info","ts":1777622836.888184,"msg":"Starting Controller","controller":"pushsecret","controllerGroup":"external-secrets.io","controllerKind":"PushSecret"}
{"level":"info","ts":1777622836.8881903,"msg":"Starting workers","controller":"pushsecret","controllerGroup":"external-secrets.io","controllerKind":"PushSecret","worker count":1}
{"level":"info","ts":1777622836.8881934,"msg":"Starting Controller","controller":"clustersecretstore","controllerGroup":"external-secrets.io","controllerKind":"ClusterSecretStore"}
{"level":"info","ts":1777622836.8881953,"msg":"Starting workers","controller":"clustersecretstore","controllerGroup":"external-secrets.io","controllerKind":"ClusterSecretStore","worker count":1}
{"level":"info","ts":1777622836.9885068,"msg":"Starting Controller","controller":"secretstore","controllerGroup":"external-secrets.io","controllerKind":"SecretStore"}
{"level":"info","ts":1777622836.988519,"msg":"Starting workers","controller":"secretstore","controllerGroup":"external-secrets.io","controllerKind":"SecretStore","worker count":1}
{"level":"info","ts":1777622836.9885244,"msg":"Starting Controller","controller":"clusterexternalsecret","controllerGroup":"external-secrets.io","controllerKind":"ClusterExternalSecret"}
{"level":"info","ts":1777622836.98853,"msg":"Starting workers","controller":"clusterexternalsecret","controllerGroup":"external-secrets.io","controllerKind":"ClusterExternalSecret","worker count":1}
{"level":"info","ts":1777622836.9885077,"msg":"Starting Controller","controller":"externalsecret","controllerGroup":"external-secrets.io","controllerKind":"ExternalSecret"}
{"level":"info","ts":1777622836.9885368,"msg":"Starting workers","controller":"externalsecret","controllerGroup":"external-secrets.io","controllerKind":"ExternalSecret","worker count":1}
{"level":"info","ts":1777622836.9885225,"msg":"Starting Controller","controller":"clusterpushsecret","controllerGroup":"external-secrets.io","controllerKind":"ClusterPushSecret"}
{"level":"info","ts":1777622836.988546,"msg":"Starting workers","controller":"clusterpushsecret","controllerGroup":"external-secrets.io","controllerKind":"ClusterPushSecret","worker count":1}
{"level":"info","ts":1777622836.9898412,"logger":"provider.yandex.lockbox","msg":"creating SecretGetter","apiEndpoint":""}
{"level":"info","ts":1777622837.0990028,"logger":"provider.yandex.lockbox","msg":"creating IAM token","authorizedKeyId":"<YANDEX_AUTHORIZED_KEY_ID>"}
{"level":"info","ts":1777622837.1696358,"logger":"provider.yandex.lockbox","msg":"created IAM token","authorizedKeyId":"<YANDEX_AUTHORIZED_KEY_ID>","expiresAt":1777666037.1529632}
