{"level":"info","ts":1777645120.7053707,"logger":"provider.nebius.mysterybox","msg":"Registered Nebius MysteryBox provider","token cache size":4096,"clients cache size":128}
{"level":"info","ts":1777645120.7054152,"logger":"provider.vault","msg":"DEPRECATION WARNING: --experimental-vault-token-cache-size is deprecated. Please use --vault-token-cache-size instead. This flag will be removed in a future release."}
{"level":"info","ts":1777645120.7054255,"logger":"provider.vault","msg":"initializing vault cache","size":262144}
{"level":"info","ts":1777645120.7054403,"logger":"setup","msg":"starting manager"}
{"level":"info","ts":1777645120.7056816,"logger":"controller-runtime.metrics","msg":"Starting metrics server"}
{"level":"info","ts":1777645120.7058198,"logger":"controller-runtime.metrics","msg":"Serving metrics server","bindAddress":":8080","secure":false}
{"level":"info","ts":1777645120.7058973,"msg":"starting server","name":"health probe","addr":"[::]:8082"}
{"level":"info","ts":1777645120.8076644,"msg":"Starting EventSource","controller":"clustersecretstore","controllerGroup":"external-secrets.io","controllerKind":"ClusterSecretStore","source":"kind source: *v1alpha1.PushSecret"}
{"level":"info","ts":1777645120.8084657,"msg":"Starting EventSource","controller":"secretstore","controllerGroup":"external-secrets.io","controllerKind":"SecretStore","source":"kind source: *v1alpha1.PushSecret"}
{"level":"info","ts":1777645120.808776,"msg":"Starting EventSource","controller":"externalsecret","controllerGroup":"external-secrets.io","controllerKind":"ExternalSecret","source":"kind source: *v1.PartialObjectMetadata"}
{"level":"info","ts":1777645120.8089986,"msg":"Starting EventSource","controller":"clustersecretstore","controllerGroup":"external-secrets.io","controllerKind":"ClusterSecretStore","source":"kind source: *v1.ClusterSecretStore"}
{"level":"info","ts":1777645120.8092084,"msg":"Starting EventSource","controller":"secretstore","controllerGroup":"external-secrets.io","controllerKind":"SecretStore","source":"kind source: *v1.SecretStore"}
{"level":"info","ts":1777645120.810674,"msg":"Starting EventSource","controller":"generatorstate","controllerGroup":"generators.external-secrets.io","controllerKind":"GeneratorState","source":"kind source: *v1alpha1.GeneratorState"}
{"level":"info","ts":1777645120.8110433,"msg":"Starting EventSource","controller":"clusterexternalsecret","controllerGroup":"external-secrets.io","controllerKind":"ClusterExternalSecret","source":"kind source: *v1.Namespace"}
{"level":"info","ts":1777645120.8112607,"msg":"Starting EventSource","controller":"externalsecret","controllerGroup":"external-secrets.io","controllerKind":"ExternalSecret","source":"kind source: *v1.ExternalSecret"}
{"level":"info","ts":1777645120.81352,"msg":"Starting EventSource","controller":"pushsecret","controllerGroup":"external-secrets.io","controllerKind":"PushSecret","source":"kind source: *v1alpha1.PushSecret"}
{"level":"info","ts":1777645120.8136077,"msg":"Starting EventSource","controller":"clusterexternalsecret","controllerGroup":"external-secrets.io","controllerKind":"ClusterExternalSecret","source":"kind source: *v1.ClusterExternalSecret"}
{"level":"info","ts":1777645120.8137245,"msg":"Starting EventSource","controller":"clusterexternalsecret","controllerGroup":"external-secrets.io","controllerKind":"ClusterExternalSecret","source":"kind source: *v1.ExternalSecret"}
{"level":"info","ts":1777645120.8144476,"msg":"Starting EventSource","controller":"clusterpushsecret","controllerGroup":"external-secrets.io","controllerKind":"ClusterPushSecret","source":"kind source: *v1.Namespace"}
{"level":"info","ts":1777645120.815919,"msg":"Starting EventSource","controller":"clusterpushsecret","controllerGroup":"external-secrets.io","controllerKind":"ClusterPushSecret","source":"kind source: *v1alpha1.ClusterPushSecret"}
{"level":"info","ts":1777645120.8161016,"msg":"Starting EventSource","controller":"clusterpushsecret","controllerGroup":"external-secrets.io","controllerKind":"ClusterPushSecret","source":"kind source: *v1alpha1.PushSecret"}
{"level":"info","ts":1777645120.910068,"msg":"Starting Controller","controller":"clustersecretstore","controllerGroup":"external-secrets.io","controllerKind":"ClusterSecretStore"}
{"level":"info","ts":1777645120.9101038,"msg":"Starting workers","controller":"clustersecretstore","controllerGroup":"external-secrets.io","controllerKind":"ClusterSecretStore","worker count":1}
{"level":"info","ts":1777645120.9122064,"msg":"Starting Controller","controller":"generatorstate","controllerGroup":"generators.external-secrets.io","controllerKind":"GeneratorState"}
{"level":"info","ts":1777645120.91224,"msg":"Starting workers","controller":"generatorstate","controllerGroup":"generators.external-secrets.io","controllerKind":"GeneratorState","worker count":1}
{"level":"info","ts":1777645120.9146812,"msg":"Starting Controller","controller":"pushsecret","controllerGroup":"external-secrets.io","controllerKind":"PushSecret"}
{"level":"info","ts":1777645120.914699,"msg":"Starting workers","controller":"pushsecret","controllerGroup":"external-secrets.io","controllerKind":"PushSecret","worker count":1}
{"level":"info","ts":1777645121.0144706,"msg":"Starting Controller","controller":"externalsecret","controllerGroup":"external-secrets.io","controllerKind":"ExternalSecret"}
{"level":"info","ts":1777645121.0149732,"msg":"Starting workers","controller":"externalsecret","controllerGroup":"external-secrets.io","controllerKind":"ExternalSecret","worker count":1}
{"level":"info","ts":1777645121.0151184,"msg":"Starting Controller","controller":"clusterpushsecret","controllerGroup":"external-secrets.io","controllerKind":"ClusterPushSecret"}
{"level":"info","ts":1777645121.0151846,"msg":"Starting workers","controller":"clusterpushsecret","controllerGroup":"external-secrets.io","controllerKind":"ClusterPushSecret","worker count":1}
{"level":"info","ts":1777645121.0152617,"msg":"Starting Controller","controller":"secretstore","controllerGroup":"external-secrets.io","controllerKind":"SecretStore"}
{"level":"info","ts":1777645121.0154548,"msg":"Starting workers","controller":"secretstore","controllerGroup":"external-secrets.io","controllerKind":"SecretStore","worker count":1}
{"level":"info","ts":1777645121.0184338,"msg":"Starting Controller","controller":"clusterexternalsecret","controllerGroup":"external-secrets.io","controllerKind":"ClusterExternalSecret"}
{"level":"info","ts":1777645121.0184495,"msg":"Starting workers","controller":"clusterexternalsecret","controllerGroup":"external-secrets.io","controllerKind":"ClusterExternalSecret","worker count":1}
{"level":"info","ts":1777645121.0202339,"logger":"provider.yandex.lockbox","msg":"creating SecretGetter","apiEndpoint":""}
{"level":"info","ts":1777645121.123084,"logger":"provider.yandex.lockbox","msg":"creating IAM token","authorizedKeyId":"<YANDEX_AUTHORIZED_KEY_ID>"}
{"level":"info","ts":1777645121.1796792,"logger":"provider.yandex.lockbox","msg":"created IAM token","authorizedKeyId":"<YANDEX_AUTHORIZED_KEY_ID>","expiresAt":1777688321.1178792}
